<?xml version="1.0" encoding="UTF-8"?><testrun name="TestRunner" project="TestPrgm" tests="4" started="0" failures="0" errors="1" ignored="0">
  <testsuite name="sauce.test.TestRunner" incomplete="true">
    <error>cucumber.runtime.CucumberException: Could not create a cucumber expression for 'The user has to fill {username} and {pasword}'.
It appears you did not register parameter type. The details are in the stacktrace below.
You can find the documentation here: https://docs.cucumber.io/cucumber/cucumber-expressions/&#13;
	at io.cucumber.stepexpression.StepExpressionFactory.registerTypeInConfiguration(StepExpressionFactory.java:93)&#13;
	at io.cucumber.stepexpression.StepExpressionFactory.createExpression(StepExpressionFactory.java:65)&#13;
	at io.cucumber.stepexpression.StepExpressionFactory.createExpression(StepExpressionFactory.java:54)&#13;
	at cucumber.runtime.java.JavaStepDefinition.createExpression(JavaStepDefinition.java:51)&#13;
	at cucumber.runtime.java.JavaStepDefinition.&lt;init&gt;(JavaStepDefinition.java:40)&#13;
	at cucumber.runtime.java.JavaBackend.addStepDefinition(JavaBackend.java:174)&#13;
	at cucumber.runtime.java.MethodScanner.scan(MethodScanner.java:64)&#13;
	at cucumber.runtime.java.MethodScanner.scan(MethodScanner.java:41)&#13;
	at cucumber.runtime.java.JavaBackend.loadGlue(JavaBackend.java:111)&#13;
	at cucumber.runner.Runner.&lt;init&gt;(Runner.java:39)&#13;
	at cucumber.runner.ThreadLocalRunnerSupplier.createRunner(ThreadLocalRunnerSupplier.java:42)&#13;
	at cucumber.runner.ThreadLocalRunnerSupplier.access$000(ThreadLocalRunnerSupplier.java:13)&#13;
	at cucumber.runner.ThreadLocalRunnerSupplier$1.initialValue(ThreadLocalRunnerSupplier.java:22)&#13;
	at cucumber.runner.ThreadLocalRunnerSupplier$1.initialValue(ThreadLocalRunnerSupplier.java:19)&#13;
	at java.lang.ThreadLocal.setInitialValue(ThreadLocal.java:180)&#13;
	at java.lang.ThreadLocal.get(ThreadLocal.java:170)&#13;
	at cucumber.runner.ThreadLocalRunnerSupplier.get(ThreadLocalRunnerSupplier.java:38)&#13;
	at io.cucumber.junit.Cucumber$RunCucumber.evaluate(Cucumber.java:173)&#13;
	at org.junit.runners.ParentRunner.run(ParentRunner.java:363)&#13;
	at org.eclipse.jdt.internal.junit4.runner.JUnit4TestReference.run(JUnit4TestReference.java:86)&#13;
	at org.eclipse.jdt.internal.junit.runner.TestExecution.run(TestExecution.java:38)&#13;
	at org.eclipse.jdt.internal.junit.runner.RemoteTestRunner.runTests(RemoteTestRunner.java:538)&#13;
	at org.eclipse.jdt.internal.junit.runner.RemoteTestRunner.runTests(RemoteTestRunner.java:760)&#13;
	at org.eclipse.jdt.internal.junit.runner.RemoteTestRunner.run(RemoteTestRunner.java:460)&#13;
	at org.eclipse.jdt.internal.junit.runner.RemoteTestRunner.main(RemoteTestRunner.java:206)&#13;
Caused by: io.cucumber.cucumberexpressions.UndefinedParameterTypeException: Undefined parameter type {username}. Please register a ParameterType for {username}.&#13;
	at io.cucumber.cucumberexpressions.CucumberExpression.processParameters(CucumberExpression.java:101)&#13;
	at io.cucumber.cucumberexpressions.CucumberExpression.&lt;init&gt;(CucumberExpression.java:32)&#13;
	at io.cucumber.cucumberexpressions.ExpressionFactory.createExpression(ExpressionFactory.java:44)&#13;
	at io.cucumber.stepexpression.StepExpressionFactory.createExpression(StepExpressionFactory.java:63)&#13;
	... 23 more&#13;
&#13;
</error>
    <testsuite name="Feature: To validate the saucedemo login page" incomplete="true">
      <testcase name="To validate the login functionality with valid credentials" classname="To validate the saucedemo login page" incomplete="true"/>
      <testcase name="To validate the login functionality with valid credentials" classname="To validate the saucedemo login page" incomplete="true"/>
      <testcase name="To validate the login functionality with valid credentials" classname="To validate the saucedemo login page" incomplete="true"/>
      <testcase name="To validate the login functionality with valid credentials" classname="To validate the saucedemo login page" incomplete="true"/>
    </testsuite>
  </testsuite>
</testrun>
